yccircleslib/build/outputs/logs/manifest-merger-debug-report.txt
-- Merging decision tree log ---
manifest
ADDED from src/main/AndroidManifest.xml:2:1-20:12
	package
		ADDED from src/main/AndroidManifest.xml:4:5-32
	android:versionName
		INJECTED from src/main/AndroidManifest.xml
		INJECTED from src/main/AndroidManifest.xml
	xmlns:tools
		ADDED from src/main/AndroidManifest.xml:3:5-51
	xmlns:android
		ADDED from src/main/AndroidManifest.xml:2:11-69
	android:versionCode
		INJECTED from src/main/AndroidManifest.xml
		INJECTED from src/main/AndroidManifest.xml
application
ADDED from src/main/AndroidManifest.xml:6:5-18:19
MERGED from [yiche4Android:ycbaselib:unspecified] AndroidManifest.xml:11:5-15:19
MERGED from [com.android.support.constraint:constraint-layout:1.0.2] AndroidManifest.xml:9:5-20
MERGED from [com.android.support:design:22.2.1] AndroidManifest.xml:22:5-20
MERGED from [com.tencent.ugc:lite-av-sdk-ugc:1.0.0] AndroidManifest.xml:17:5-21:19
MERGED from [com.yiche.autoeasy.route:route-api:1.0.1] AndroidManifest.xml:11:5-15:19
MERGED from [com.android.support:appcompat-v7:22.2.1] AndroidManifest.xml:22:5-20
MERGED from [com.android.support:support-v4:22.2.1] AndroidManifest.xml:22:5-20
	android:label
		ADDED from src/main/AndroidManifest.xml:8:9-49
		REJECTED from [com.tencent.ugc:lite-av-sdk-ugc:1.0.0] AndroidManifest.xml:19:9-41
		REJECTED from [com.yiche.autoeasy.route:route-api:1.0.1] AndroidManifest.xml:13:9-41
	android:supportsRtl
		ADDED from src/main/AndroidManifest.xml:9:9-35
	android:allowBackup
		ADDED from src/main/AndroidManifest.xml:7:9-35
	tools:replace
		ADDED from src/main/AndroidManifest.xml:10:9-38
activity#com.yiche.circles.activities.IndexActivity
ADDED from src/main/AndroidManifest.xml:11:9-17:20
	android:name
		ADDED from src/main/AndroidManifest.xml:11:19-59
intent-filter#android.intent.action.MAIN+android.intent.category.LAUNCHER
ADDED from src/main/AndroidManifest.xml:12:13-16:29
action#android.intent.action.MAIN
ADDED from src/main/AndroidManifest.xml:13:17-69
	android:name
		ADDED from src/main/AndroidManifest.xml:13:25-66
category#android.intent.category.LAUNCHER
ADDED from src/main/AndroidManifest.xml:15:17-77
	android:name
		ADDED from src/main/AndroidManifest.xml:15:27-74
uses-sdk
INJECTED from src/main/AndroidManifest.xml reason: use-sdk injection requested
MERGED from [yiche4Android:ycbaselib:unspecified] AndroidManifest.xml:7:5-9:41
MERGED from [com.android.support.constraint:constraint-layout:1.0.2] AndroidManifest.xml:5:5-7:41
MERGED from [com.android.support:design:22.2.1] AndroidManifest.xml:20:5-43
MERGED from [com.tencent.ugc:lite-av-sdk-ugc:1.0.0] AndroidManifest.xml:7:5-9:41
MERGED from [com.yiche.autoeasy.route:route-api:1.0.1] AndroidManifest.xml:7:5-9:41
MERGED from [com.android.support:appcompat-v7:22.2.1] AndroidManifest.xml:20:5-43
MERGED from [com.android.support:support-v4:22.2.1] AndroidManifest.xml:20:5-43
	android:targetSdkVersion
		INJECTED from src/main/AndroidManifest.xml
		INJECTED from src/main/AndroidManifest.xml
	android:minSdkVersion
		INJECTED from src/main/AndroidManifest.xml
		INJECTED from src/main/AndroidManifest.xml
activity#com.yiche.ycbaselib.thrid.tencent.video.record.RecordActivity
ADDED from [yiche4Android:ycbaselib:unspecified] AndroidManifest.xml:12:9-14:64
	android:label
		ADDED from [yiche4Android:ycbaselib:unspecified] AndroidManifest.xml:14:13-61
	android:name
		ADDED from [yiche4Android:ycbaselib:unspecified] AndroidManifest.xml:13:13-89
uses-permission#android.permission.CAMERA
ADDED from [com.tencent.ugc:lite-av-sdk-ugc:1.0.0] AndroidManifest.xml:11:5-65
	android:name
		ADDED from [com.tencent.ugc:lite-av-sdk-ugc:1.0.0] AndroidManifest.xml:11:22-62
uses-permission#android.permission.RECORD_AUDIO
ADDED from [com.tencent.ugc:lite-av-sdk-ugc:1.0.0] AndroidManifest.xml:12:5-71
	android:name
		ADDED from [com.tencent.ugc:lite-av-sdk-ugc:1.0.0] AndroidManifest.xml:12:22-68
uses-permission#android.permission.MOUNT_UNMOUNT_FILESYSTEMS
ADDED from [com.tencent.ugc:lite-av-sdk-ugc:1.0.0] AndroidManifest.xml:13:5-84
	android:name
		ADDED from [com.tencent.ugc:lite-av-sdk-ugc:1.0.0] AndroidManifest.xml:13:22-81
uses-permission#android.permission.WRITE_EXTERNAL_STORAGE
ADDED from [com.tencent.ugc:lite-av-sdk-ugc:1.0.0] AndroidManifest.xml:14:5-81
	android:name
		ADDED from [com.tencent.ugc:lite-av-sdk-ugc:1.0.0] AndroidManifest.xml:14:22-78
uses-permission#android.permission.ACCESS_WIFI_STATE
ADDED from [com.tencent.ugc:lite-av-sdk-ugc:1.0.0] AndroidManifest.xml:15:5-76
	android:name
		ADDED from [com.tencent.ugc:lite-av-sdk-ugc:1.0.0] AndroidManifest.xml:15:22-73
android:uses-permission#android.permission.READ_EXTERNAL_STORAGE
IMPLIED from src/main/AndroidManifest.xml:2:1-20:12 reason: com.tencent.rtmp.liteavsdk requested WRITE_EXTERNAL_STORAGE